<?xml version="1.0" encoding="UTF-8"?>
<!-- Generated by org.testng.reporters.JUnitReportReporter -->
<testsuite hostname="DESKTOP-8PDR25K" failures="0" tests="1" name="genericLib.TestScript01" time="7.464" errors="0" timestamp="2024-03-05T11:23:34 IST" skipped="0">
  <testcase classname="genericLib.TestScript01" name="demo" time="7.464"/>
  <system-out/>
</testsuite> <!-- genericLib.TestScript01 -->
