<?xml version="1.0" encoding="UTF-8"?>
<!-- Generated by org.testng.reporters.JUnitReportReporter -->
<testsuite hostname="DESKTOP-8PDR25K" failures="0" tests="3" name="basic.FetchingData" time="71.470" errors="0" timestamp="2024-03-18T10:38:25 IST" skipped="0">
  <testcase classname="basic.FetchingData" name="register" time="23.537"/>
  <system-out/>
  <testcase classname="basic.FetchingData" name="register" time="25.275"/>
  <system-out/>
  <testcase classname="basic.FetchingData" name="register" time="22.658"/>
  <system-out/>
</testsuite> <!-- basic.FetchingData -->
