<?xml version="1.0" encoding="UTF-8"?>
<!-- Generated by org.testng.reporters.JUnitReportReporter -->
<testsuite hostname="DESKTOP-8PDR25K" failures="0" tests="1" name="batchExecution.LaunchPizza" time="31.829" errors="0" timestamp="2024-02-29T10:14:40 IST" skipped="0">
  <testcase classname="batchExecution.LaunchPizza" name="lakme" time="31.829"/>
  <system-out/>
</testsuite> <!-- batchExecution.LaunchPizza -->
