<?xml version="1.0" encoding="UTF-8"?>
<!-- Generated by org.testng.reporters.JUnitReportReporter -->
<testsuite hostname="DESKTOP-8PDR25K" failures="0" tests="2" name="testNGmethod.Script" time="12.608" errors="0" timestamp="2024-02-27T12:42:32 IST" skipped="0">
  <testcase classname="testNGmethod.Script" name="demo" time="7.120"/>
  <testcase classname="testNGmethod.Script" name="script" time="5.488">
    <system-out>
      <![CDATA[writing script]]>
    </system-out>
  </testcase> <!-- script -->
  <system-out>
    <![CDATA[connected to DataBase
precondn code
writing script
post conn code
closed the conn of DataBase]]>
  </system-out>
</testsuite> <!-- testNGmethod.Script -->
