<?xml version="1.0" encoding="UTF-8"?>
<!-- Generated by org.testng.reporters.JUnitReportReporter -->
<testsuite hostname="DESKTOP-8PDR25K" failures="0" tests="1" name="batchExecution.LaunchZomato" time="32.512" errors="0" timestamp="2024-02-29T10:14:40 IST" skipped="0">
  <testcase classname="batchExecution.LaunchZomato" name="lakme" time="32.512"/>
  <system-out/>
</testsuite> <!-- batchExecution.LaunchZomato -->
