<?xml version="1.0" encoding="UTF-8"?>
<!-- Generated by org.testng.reporters.JUnitReportReporter -->
<testsuite hostname="DESKTOP-8PDR25K" failures="0" tests="2" name="testNGmethod.LearnCrossBroswerTest" time="15.023" errors="0" timestamp="2024-02-29T11:25:58 IST" skipped="0">
  <testcase classname="testNGmethod.LearnCrossBroswerTest" name="launch" time="6.565"/>
  <system-out/>
  <testcase classname="testNGmethod.LearnCrossBroswerTest" name="launch" time="8.458"/>
  <system-out/>
</testsuite> <!-- testNGmethod.LearnCrossBroswerTest -->
