<?xml version="1.0" encoding="UTF-8"?>
<!-- Generated by org.testng.reporters.JUnitReportReporter -->
<testsuite hostname="DESKTOP-8PDR25K" failures="0" tests="1" name="testNGmethod.ConifugrationAnatation" time="0.021" errors="0" timestamp="2024-02-27T11:18:09 IST" skipped="0">
  <testcase classname="testNGmethod.ConifugrationAnatation" name="script" time="0.021">
    <system-out>
      <![CDATA[writing script]]>
    </system-out>
  </testcase> <!-- script -->
  <system-out>
    <![CDATA[connected to DataBase
precondn code
launching the appln
user has entered all the email & password
writing script
quit the appln
user has logout
post conn code
closed the conn of DataBase]]>
  </system-out>
</testsuite> <!-- testNGmethod.ConifugrationAnatation -->
