<?xml version="1.0" encoding="UTF-8"?>
<!-- Generated by org.testng.reporters.JUnitReportReporter -->
<testsuite hostname="DESKTOP-8PDR25K" failures="0" tests="3" name="testNGmethod.LearnDependsOnMethod" time="0.026" errors="0" timestamp="2024-02-27T10:03:56 IST" skipped="0">
  <testcase classname="testNGmethod.LearnDependsOnMethod" name="logout" time="0.003">
    <system-out>
      <![CDATA[user has logout]]>
    </system-out>
  </testcase> <!-- logout -->
  <testcase classname="testNGmethod.LearnDependsOnMethod" name="addToCart" time="0.006">
    <system-out>
      <![CDATA[user has a product to cart]]>
    </system-out>
  </testcase> <!-- addToCart -->
  <testcase classname="testNGmethod.LearnDependsOnMethod" name="login" time="0.017">
    <system-out>
      <![CDATA[user has login]]>
    </system-out>
  </testcase> <!-- login -->
  <system-out>
    <![CDATA[user has login
user has a product to cart
user has logout]]>
  </system-out>
</testsuite> <!-- testNGmethod.LearnDependsOnMethod -->
