<?xml version="1.0" encoding="UTF-8"?>
<!-- Generated by org.testng.reporters.JUnitReportReporter -->
<testsuite hostname="DESKTOP-8PDR25K" failures="0" tests="2" name="testNGmethod.DataProviderMethod" time="0.015" errors="0" timestamp="2024-02-29T12:11:48 IST" skipped="0">
  <testcase classname="testNGmethod.DataProviderMethod" name="demo" time="0.005"/>
  <system-out/>
  <testcase classname="testNGmethod.DataProviderMethod" name="demo" time="0.010"/>
  <system-out/>
</testsuite> <!-- testNGmethod.DataProviderMethod -->
