<?xml version="1.0" encoding="UTF-8"?>
<!-- Generated by org.testng.reporters.JUnitReportReporter -->
<testsuite hostname="DESKTOP-8PDR25K" failures="0" tests="1" name="batchExecution.LaunchSkill" time="33.779" errors="0" timestamp="2024-02-28T11:51:22 IST" skipped="0">
  <testcase classname="batchExecution.LaunchSkill" name="skillary" time="33.779"/>
  <system-out/>
</testsuite> <!-- batchExecution.LaunchSkill -->
