<?xml version="1.0" encoding="UTF-8"?>
<!-- Generated by org.testng.reporters.JUnitReportReporter -->
<testsuite hostname="DESKTOP-8PDR25K" failures="0" tests="1" name="batchExecution.LaunchMayablline" time="33.826" errors="0" timestamp="2024-02-28T11:51:21 IST" skipped="0">
  <testcase classname="batchExecution.LaunchMayablline" name="mayablline" time="33.826"/>
  <system-out/>
</testsuite> <!-- batchExecution.LaunchMayablline -->
