<?xml version="1.0" encoding="UTF-8"?>
<!-- Generated by org.testng.reporters.JUnitReportReporter -->
<testsuite hostname="DESKTOP-8PDR25K" failures="0" tests="1" name="testNGmethod.LearnTimeout" time="5.237" errors="0" timestamp="2024-02-27T10:28:43 IST" skipped="0">
  <testcase classname="testNGmethod.LearnTimeout" name="login" time="5.237"/>
</testsuite> <!-- testNGmethod.LearnTimeout -->
