<?xml version="1.0" encoding="UTF-8"?>
<!-- Generated by org.testng.reporters.JUnitReportReporter -->
<testsuite hostname="DESKTOP-8PDR25K" failures="0" tests="1" name="testNGmethod.Basic" time="11.478" errors="0" timestamp="2024-03-01T15:03:30 IST" skipped="0">
  <testcase classname="testNGmethod.Basic" name="launchDemo" time="11.478"/>
  <system-out/>
</testsuite> <!-- testNGmethod.Basic -->
