<?xml version="1.0" encoding="UTF-8"?>
<!-- Generated by org.testng.reporters.JUnitReportReporter -->
<testsuite hostname="DESKTOP-8PDR25K" failures="0" tests="7" name="testNGmethod.LearnInvocationCount" time="0.051" errors="0" timestamp="2024-02-26T11:53:10 IST" skipped="0">
  <testcase classname="testNGmethod.LearnInvocationCount" name="login" time="0.006">
    <system-out>
      <![CDATA[user has login]]>
    </system-out>
  </testcase> <!-- login -->
  <testcase classname="testNGmethod.LearnInvocationCount" name="logout" time="0.002">
    <system-out>
      <![CDATA[user has logout]]>
    </system-out>
  </testcase> <!-- logout -->
  <testcase classname="testNGmethod.LearnInvocationCount" name="login" time="0.005">
    <system-out>
      <![CDATA[user has login]]>
    </system-out>
  </testcase> <!-- login -->
  <testcase classname="testNGmethod.LearnInvocationCount" name="login" time="0.019">
    <system-out>
      <![CDATA[user has login]]>
    </system-out>
  </testcase> <!-- login -->
  <testcase classname="testNGmethod.LearnInvocationCount" name="product" time="0.005">
    <system-out>
      <![CDATA[user selected a product]]>
    </system-out>
  </testcase> <!-- product -->
  <testcase classname="testNGmethod.LearnInvocationCount" name="product" time="0.011">
    <system-out>
      <![CDATA[user selected a product]]>
    </system-out>
  </testcase> <!-- product -->
  <testcase classname="testNGmethod.LearnInvocationCount" name="logout" time="0.003">
    <system-out>
      <![CDATA[user has logout]]>
    </system-out>
  </testcase> <!-- logout -->
  <system-out>
    <![CDATA[user has login
user has login
user has login
user has logout
user has logout
user selected a product
user selected a product]]>
  </system-out>
</testsuite> <!-- testNGmethod.LearnInvocationCount -->
