<?xml version="1.0" encoding="UTF-8"?>
<!-- Generated by org.testng.reporters.JUnitReportReporter -->
<testsuite hostname="DESKTOP-8PDR25K" failures="0" tests="3" name="testNGmethod.MultipleDataFromExcel" time="23.852" errors="0" timestamp="2024-03-01T10:15:30 IST" skipped="0">
  <testcase classname="testNGmethod.MultipleDataFromExcel" name="registerUser" time="8.745"/>
  <system-out/>
  <testcase classname="testNGmethod.MultipleDataFromExcel" name="registerUser" time="6.777"/>
  <system-out/>
  <testcase classname="testNGmethod.MultipleDataFromExcel" name="registerUser" time="8.330"/>
  <system-out/>
</testsuite> <!-- testNGmethod.MultipleDataFromExcel -->
