<?xml version="1.0" encoding="UTF-8"?>
<!-- Generated by org.testng.reporters.JUnitReportReporter -->
<testsuite hostname="DESKTOP-8PDR25K" failures="0" tests="1" name="assertionMethod.LearningHardAssert" time="13.806" errors="0" timestamp="2024-03-02T10:10:22 IST" skipped="0">
  <testcase classname="assertionMethod.LearningHardAssert" name="launchDemo" time="13.806"/>
  <system-out/>
</testsuite> <!-- assertionMethod.LearningHardAssert -->
