<?xml version="1.0" encoding="UTF-8"?>
<!-- Generated by org.testng.reporters.JUnitReportReporter -->
<testsuite hostname="DESKTOP-8PDR25K" failures="0" tests="1" name="batchExecution.LaunchSwiggy" time="37.114" errors="0" timestamp="2024-02-29T10:14:40 IST" skipped="0">
  <testcase classname="batchExecution.LaunchSwiggy" name="lakme" time="37.114"/>
  <system-out/>
</testsuite> <!-- batchExecution.LaunchSwiggy -->
