<?xml version="1.0" encoding="UTF-8"?>
<!-- Generated by org.testng.reporters.JUnitReportReporter -->
<testsuite hostname="DESKTOP-8PDR25K" failures="0" tests="4" name="testNGmethod.LearnPriority" time="0.023" errors="0" timestamp="2024-02-26T11:36:07 IST" skipped="0">
  <testcase classname="testNGmethod.LearnPriority" name="login" time="0.019">
    <system-out>
      <![CDATA[user has login]]>
    </system-out>
  </testcase> <!-- login -->
  <testcase classname="testNGmethod.LearnPriority" name="product" time="0.001">
    <system-out>
      <![CDATA[user selected a product]]>
    </system-out>
  </testcase> <!-- product -->
  <testcase classname="testNGmethod.LearnPriority" name="addToCart" time="0.002">
    <system-out>
      <![CDATA[user has a product to cart]]>
    </system-out>
  </testcase> <!-- addToCart -->
  <testcase classname="testNGmethod.LearnPriority" name="logout" time="0.001">
    <system-out>
      <![CDATA[user has logout]]>
    </system-out>
  </testcase> <!-- logout -->
  <system-out>
    <![CDATA[user has login
user selected a product
user has a product to cart
user has logout]]>
  </system-out>
</testsuite> <!-- testNGmethod.LearnPriority -->
