<?xml version="1.0" encoding="UTF-8"?>
<!-- Generated by org.testng.reporters.JUnitReportReporter -->
<testsuite hostname="DESKTOP-8PDR25K" failures="0" tests="1" name="batchExecution.LaunchDemo" time="27.453" errors="0" timestamp="2024-02-28T11:51:22 IST" skipped="0">
  <testcase classname="batchExecution.LaunchDemo" name="lakme" time="27.453"/>
  <system-out/>
</testsuite> <!-- batchExecution.LaunchDemo -->
