<?xml version="1.0" encoding="UTF-8"?>
<!-- Generated by org.testng.reporters.JUnitReportReporter -->
<testsuite hostname="DESKTOP-8PDR25K" failures="0" tests="3" name="testNGmethod.LearnEnabled" time="0.019" errors="0" timestamp="2024-02-26T12:20:59 IST" skipped="0">
  <testcase classname="testNGmethod.LearnEnabled" name="login" time="0.010">
    <system-out>
      <![CDATA[user has login
user has a product to cart
user has logout]]>
    </system-out>
  </testcase> <!-- login -->
  <testcase classname="testNGmethod.LearnEnabled" name="addToCart" time="0.007">
    <system-out>
      <![CDATA[user has a product to cart
user has logout]]>
    </system-out>
  </testcase> <!-- addToCart -->
  <testcase classname="testNGmethod.LearnEnabled" name="logout" time="0.002">
    <system-out>
      <![CDATA[user has logout]]>
    </system-out>
  </testcase> <!-- logout -->
  <system-out>
    <![CDATA[user has login
user has a product to cart
user has logout
user has a product to cart
user has logout
user has logout]]>
  </system-out>
</testsuite> <!-- testNGmethod.LearnEnabled -->
