<?xml version="1.0" encoding="UTF-8"?>
<!-- Generated by org.testng.reporters.JUnitReportReporter -->
<testsuite hostname="DESKTOP-8PDR25K" failures="0" tests="1" name="testNGmethod.Demo" time="0.016" errors="0" timestamp="2024-02-26T10:34:34 IST" skipped="0">
  <testcase classname="testNGmethod.Demo" name="launch" time="0.016">
    <system-out>
      <![CDATA[testNG installed]]>
    </system-out>
  </testcase> <!-- launch -->
  <system-out>
    <![CDATA[testNG installed]]>
  </system-out>
</testsuite> <!-- testNGmethod.Demo -->
