<?xml version="1.0" encoding="UTF-8"?>
<!-- Generated by org.testng.reporters.JUnitReportReporter -->
<testsuite hostname="DESKTOP-8PDR25K" failures="0" tests="1" name="batchExecution.LaunchPuma" time="24.947" errors="0" timestamp="2024-02-28T11:51:21 IST" skipped="0">
  <testcase classname="batchExecution.LaunchPuma" name="lakme" time="24.947"/>
  <system-out/>
</testsuite> <!-- batchExecution.LaunchPuma -->
